  [4;36;1mSQL (0.3ms)[0m   [0;1mSET NAMES 'utf8'[0m
  [4;35;1mSQL (0.1ms)[0m   [0mSET SQL_AUTO_IS_NULL=0[0m
  [4;36;1mSQL (0.4ms)[0m   [0;1mCREATE DATABASE `chemicals_development` DEFAULT CHARACTER SET `utf8` COLLATE `utf8_general_ci`[0m
  [4;36;1mSQL (0.2ms)[0m   [0;1mSET NAMES 'utf8'[0m
  [4;35;1mSQL (0.1ms)[0m   [0mSET SQL_AUTO_IS_NULL=0[0m
  [4;36;1mSQL (0.4ms)[0m   [0;1mSHOW TABLES[0m
  [4;35;1mSQL (2.8ms)[0m   [0mCREATE TABLE `schema_migrations` (`version` varchar(255) NOT NULL) ENGINE=InnoDB[0m
  [4;36;1mSQL (5.2ms)[0m   [0;1mCREATE UNIQUE INDEX `unique_schema_migrations` ON `schema_migrations` (`version`)[0m
  [4;35;1mSQL (0.5ms)[0m   [0mSHOW TABLES[0m
  [4;36;1mSQL (0.5ms)[0m   [0;1mSELECT version FROM schema_migrations[0m
Migrating to CreateChemicals (20090110173415)
  [4;35;1mSQL (2.7ms)[0m   [0mCREATE TABLE `chemicals` (`id` int(11) DEFAULT NULL auto_increment PRIMARY KEY, `name` varchar(255), `amount` varchar(255), `quantity` int(11), `location` varchar(255), `storage` varchar(255), `notes` text, `formula` varchar(255), `cas` varchar(255), `supplier` varchar(255), `catalognumber` varchar(255), `smiles` varchar(255), `inchi` varchar(255), `created_at` datetime, `updated_at` datetime) ENGINE=InnoDB[0m
  [4;36;1mSQL (0.8ms)[0m   [0;1mINSERT INTO schema_migrations (version) VALUES ('20090110173415')[0m
  [4;35;1mSQL (0.5ms)[0m   [0mSHOW TABLES[0m
  [4;36;1mSQL (0.2ms)[0m   [0;1mSELECT version FROM schema_migrations[0m
  [4;35;1mSQL (0.4ms)[0m   [0mSHOW TABLES[0m
  [4;36;1mSQL (2.4ms)[0m   [0;1mSHOW FIELDS FROM `chemicals`[0m
  [4;35;1mSQL (2.2ms)[0m   [0mdescribe `chemicals`[0m
  [4;36;1mSQL (0.5ms)[0m   [0;1mSHOW KEYS FROM `chemicals`[0m
  [4;36;1mSQL (0.3ms)[0m   [0;1mSET NAMES 'utf8'[0m
  [4;35;1mSQL (0.1ms)[0m   [0mSET SQL_AUTO_IS_NULL=0[0m
  [4;36;1mSQL (0.4ms)[0m   [0;1mSHOW TABLES[0m
  [4;36;1mSQL (0.2ms)[0m   [0;1mSET NAMES 'utf8'[0m
  [4;35;1mSQL (0.1ms)[0m   [0mSET SQL_AUTO_IS_NULL=0[0m
  [4;36;1mSQL (0.4ms)[0m   [0;1mSHOW TABLES[0m
  [4;36;1mSQL (0.2ms)[0m   [0;1mSET NAMES 'utf8'[0m
  [4;35;1mSQL (0.1ms)[0m   [0mSET SQL_AUTO_IS_NULL=0[0m
  [4;36;1mSQL (0.4ms)[0m   [0;1mSHOW TABLES[0m
  [4;35;1mChemical Columns (3.2ms)[0m   [0mSHOW FIELDS FROM `chemicals`[0m
  [4;36;1mSQL (0.2ms)[0m   [0;1mSET NAMES 'utf8'[0m
  [4;35;1mSQL (0.1ms)[0m   [0mSET SQL_AUTO_IS_NULL=0[0m
  [4;36;1mSQL (0.4ms)[0m   [0;1mSHOW TABLES[0m
  [4;35;1mChemical Columns (3.2ms)[0m   [0mSHOW FIELDS FROM `chemicals`[0m
  [4;36;1mSQL (0.2ms)[0m   [0;1mSELECT @@global.sql_mode, @@session.sql_mode;[0m
  [4;35;1mSQL (0.1ms)[0m   [0mSELECT @@global.sql_mode, @@session.sql_mode;[0m
  [4;36;1mSQL (0.1ms)[0m   [0;1mSELECT @@global.sql_mode, @@session.sql_mode;[0m
  [4;35;1mSQL (0.1ms)[0m   [0mSELECT @@global.sql_mode, @@session.sql_mode;[0m
  [4;36;1mSQL (0.1ms)[0m   [0;1mSELECT @@global.sql_mode, @@session.sql_mode;[0m
  [4;35;1mSQL (0.1ms)[0m   [0mSELECT @@global.sql_mode, @@session.sql_mode;[0m
  [4;36;1mSQL (0.1ms)[0m   [0;1mSELECT @@global.sql_mode, @@session.sql_mode;[0m
  [4;35;1mSQL (0.1ms)[0m   [0mSELECT @@global.sql_mode, @@session.sql_mode;[0m
  [4;36;1mSQL (0.1ms)[0m   [0;1mSELECT @@global.sql_mode, @@session.sql_mode;[0m
  [4;35;1mSQL (0.1ms)[0m   [0mSELECT @@global.sql_mode, @@session.sql_mode;[0m


Processing ChemicalsController#index (for 127.0.0.1 at 2009-01-10 13:03:57) [GET]
  [4;36;1mSQL (0.2ms)[0m   [0;1mSET NAMES 'utf8'[0m
  [4;35;1mSQL (0.1ms)[0m   [0mSET SQL_AUTO_IS_NULL=0[0m
  [4;36;1mChemical Load (1.6ms)[0m   [0;1mSELECT * FROM `chemicals` ORDER BY name ASC LIMIT 0, 30[0m
  [4;35;1mChemical Columns (3.1ms)[0m   [0mSHOW FIELDS FROM `chemicals`[0m
  [4;36;1mSQL (0.5ms)[0m   [0;1mSELECT count(*) AS count_all FROM `chemicals` [0m
Rendering template within layouts/application
Rendering chemicals/index


ActionView::TemplateError (undefined local variable or method `number_of_chemicals' for #<ActionView::Base:0x1773728>) on line #2 of app/views/chemicals/index.html.erb:
1: <% title "Chemicals" %>
2: <h2>Currently Storing <%= number_of_chemicals %> Chemicals</h2>
3: <div id="searchbox">
4: 	<% form_tag searches_path, :method => :get do %>
5: 	  <p>

    app/views/chemicals/index.html.erb:2
    /usr/local/lib/ruby/gems/1.8/gems/actionpack-2.2.2/lib/action_view/renderable.rb:39:in `send'
    /usr/local/lib/ruby/gems/1.8/gems/actionpack-2.2.2/lib/action_view/renderable.rb:39:in `render'
    /usr/local/lib/ruby/gems/1.8/gems/actionpack-2.2.2/lib/action_view/template.rb:73:in `render_template'
    /usr/local/lib/ruby/gems/1.8/gems/actionpack-2.2.2/lib/action_view/base.rb:256:in `render'
    /usr/local/lib/ruby/gems/1.8/gems/actionpack-2.2.2/lib/action_view/base.rb:367:in `_render_with_layout'
    /usr/local/lib/ruby/gems/1.8/gems/actionpack-2.2.2/lib/action_view/base.rb:254:in `render'
    /usr/local/lib/ruby/gems/1.8/gems/actionpack-2.2.2/lib/action_controller/base.rb:1174:in `render_for_file'
    /usr/local/lib/ruby/gems/1.8/gems/actionpack-2.2.2/lib/action_controller/base.rb:905:in `render_without_benchmark'
    /usr/local/lib/ruby/gems/1.8/gems/actionpack-2.2.2/lib/action_controller/benchmarking.rb:51:in `render'
    /usr/local/lib/ruby/gems/1.8/gems/activesupport-2.2.2/lib/active_support/core_ext/benchmark.rb:8:in `realtime'
    /usr/local/lib/ruby/gems/1.8/gems/actionpack-2.2.2/lib/action_controller/benchmarking.rb:51:in `render'
    /usr/local/lib/ruby/gems/1.8/gems/actionpack-2.2.2/lib/action_controller/mime_responds.rb:135:in `send'
    /usr/local/lib/ruby/gems/1.8/gems/actionpack-2.2.2/lib/action_controller/mime_responds.rb:135:in `custom'
    /usr/local/lib/ruby/gems/1.8/gems/actionpack-2.2.2/lib/action_controller/mime_responds.rb:164:in `call'
    /usr/local/lib/ruby/gems/1.8/gems/actionpack-2.2.2/lib/action_controller/mime_responds.rb:164:in `respond'
    /usr/local/lib/ruby/gems/1.8/gems/actionpack-2.2.2/lib/action_controller/mime_responds.rb:158:in `each'
    /usr/local/lib/ruby/gems/1.8/gems/actionpack-2.2.2/lib/action_controller/mime_responds.rb:158:in `respond'
    /usr/local/lib/ruby/gems/1.8/gems/actionpack-2.2.2/lib/action_controller/mime_responds.rb:107:in `respond_to'
    app/controllers/chemicals_controller.rb:12:in `index'
    /usr/local/lib/ruby/gems/1.8/gems/actionpack-2.2.2/lib/action_controller/base.rb:1253:in `send'
    /usr/local/lib/ruby/gems/1.8/gems/actionpack-2.2.2/lib/action_controller/base.rb:1253:in `perform_action_without_filters'
    /usr/local/lib/ruby/gems/1.8/gems/actionpack-2.2.2/lib/action_controller/filters.rb:617:in `call_filters'
    /usr/local/lib/ruby/gems/1.8/gems/actionpack-2.2.2/lib/action_controller/filters.rb:610:in `perform_action_without_benchmark'
    /usr/local/lib/ruby/gems/1.8/gems/actionpack-2.2.2/lib/action_controller/benchmarking.rb:68:in `perform_action_without_rescue'
    /usr/local/lib/ruby/1.8/benchmark.rb:293:in `measure'
    /usr/local/lib/ruby/gems/1.8/gems/actionpack-2.2.2/lib/action_controller/benchmarking.rb:68:in `perform_action_without_rescue'
    /usr/local/lib/ruby/gems/1.8/gems/actionpack-2.2.2/lib/action_controller/rescue.rb:136:in `perform_action_without_caching'
    /usr/local/lib/ruby/gems/1.8/gems/actionpack-2.2.2/lib/action_controller/caching/sql_cache.rb:13:in `perform_action'
    /usr/local/lib/ruby/gems/1.8/gems/activerecord-2.2.2/lib/active_record/connection_adapters/abstract/query_cache.rb:34:in `cache'
    /usr/local/lib/ruby/gems/1.8/gems/activerecord-2.2.2/lib/active_record/query_cache.rb:8:in `cache'
    /usr/local/lib/ruby/gems/1.8/gems/actionpack-2.2.2/lib/action_controller/caching/sql_cache.rb:12:in `perform_action'
    /usr/local/lib/ruby/gems/1.8/gems/actionpack-2.2.2/lib/action_controller/base.rb:524:in `send'
    /usr/local/lib/ruby/gems/1.8/gems/actionpack-2.2.2/lib/action_controller/base.rb:524:in `process_without_filters'
    /usr/local/lib/ruby/gems/1.8/gems/actionpack-2.2.2/lib/action_controller/filters.rb:606:in `process_without_session_management_support'
    /usr/local/lib/ruby/gems/1.8/gems/actionpack-2.2.2/lib/action_controller/session_management.rb:134:in `process'
    /usr/local/lib/ruby/gems/1.8/gems/actionpack-2.2.2/lib/action_controller/base.rb:392:in `process'
    /usr/local/lib/ruby/gems/1.8/gems/actionpack-2.2.2/lib/action_controller/dispatcher.rb:183:in `handle_request'
    /usr/local/lib/ruby/gems/1.8/gems/actionpack-2.2.2/lib/action_controller/dispatcher.rb:110:in `dispatch_unlocked'
    /usr/local/lib/ruby/gems/1.8/gems/actionpack-2.2.2/lib/action_controller/dispatcher.rb:123:in `dispatch'
    /usr/local/lib/ruby/gems/1.8/gems/actionpack-2.2.2/lib/action_controller/dispatcher.rb:122:in `synchronize'
    /usr/local/lib/ruby/gems/1.8/gems/actionpack-2.2.2/lib/action_controller/dispatcher.rb:122:in `dispatch'
    /usr/local/lib/ruby/gems/1.8/gems/actionpack-2.2.2/lib/action_controller/dispatcher.rb:132:in `dispatch_cgi'
    /usr/local/lib/ruby/gems/1.8/gems/actionpack-2.2.2/lib/action_controller/dispatcher.rb:39:in `dispatch'
    /usr/local/lib/ruby/gems/1.8/gems/mongrel-1.1.5/lib/mongrel/rails.rb:76:in `process'
    /usr/local/lib/ruby/gems/1.8/gems/mongrel-1.1.5/lib/mongrel/rails.rb:74:in `synchronize'
    /usr/local/lib/ruby/gems/1.8/gems/mongrel-1.1.5/lib/mongrel/rails.rb:74:in `process'
    /usr/local/lib/ruby/gems/1.8/gems/mongrel-1.1.5/lib/mongrel.rb:159:in `process_client'
    /usr/local/lib/ruby/gems/1.8/gems/mongrel-1.1.5/lib/mongrel.rb:158:in `each'
    /usr/local/lib/ruby/gems/1.8/gems/mongrel-1.1.5/lib/mongrel.rb:158:in `process_client'
    /usr/local/lib/ruby/gems/1.8/gems/mongrel-1.1.5/lib/mongrel.rb:285:in `run'
    /usr/local/lib/ruby/gems/1.8/gems/mongrel-1.1.5/lib/mongrel.rb:285:in `initialize'
    /usr/local/lib/ruby/gems/1.8/gems/mongrel-1.1.5/lib/mongrel.rb:285:in `new'
    /usr/local/lib/ruby/gems/1.8/gems/mongrel-1.1.5/lib/mongrel.rb:285:in `run'
    /usr/local/lib/ruby/gems/1.8/gems/mongrel-1.1.5/lib/mongrel.rb:268:in `initialize'
    /usr/local/lib/ruby/gems/1.8/gems/mongrel-1.1.5/lib/mongrel.rb:268:in `new'
    /usr/local/lib/ruby/gems/1.8/gems/mongrel-1.1.5/lib/mongrel.rb:268:in `run'
    /usr/local/lib/ruby/gems/1.8/gems/mongrel-1.1.5/lib/mongrel/configurator.rb:282:in `run'
    /usr/local/lib/ruby/gems/1.8/gems/mongrel-1.1.5/lib/mongrel/configurator.rb:281:in `each'
    /usr/local/lib/ruby/gems/1.8/gems/mongrel-1.1.5/lib/mongrel/configurator.rb:281:in `run'
    /usr/local/lib/ruby/gems/1.8/gems/mongrel-1.1.5/bin/mongrel_rails:128:in `run'
    /usr/local/lib/ruby/gems/1.8/gems/mongrel-1.1.5/lib/mongrel/command.rb:212:in `run'
    /usr/local/lib/ruby/gems/1.8/gems/mongrel-1.1.5/bin/mongrel_rails:281
    /usr/local/lib/ruby/gems/1.8/gems/activesupport-2.2.2/lib/active_support/dependencies.rb:142:in `load_without_new_constant_marking'
    /usr/local/lib/ruby/gems/1.8/gems/activesupport-2.2.2/lib/active_support/dependencies.rb:142:in `load'
    /usr/local/lib/ruby/gems/1.8/gems/activesupport-2.2.2/lib/active_support/dependencies.rb:521:in `new_constants_in'
    /usr/local/lib/ruby/gems/1.8/gems/activesupport-2.2.2/lib/active_support/dependencies.rb:142:in `load'
    /usr/local/lib/ruby/gems/1.8/gems/rails-2.2.2/lib/commands/servers/mongrel.rb:64
    /usr/local/lib/ruby/site_ruby/1.8/rubygems/custom_require.rb:31:in `gem_original_require'
    /usr/local/lib/ruby/site_ruby/1.8/rubygems/custom_require.rb:31:in `require'
    /usr/local/lib/ruby/gems/1.8/gems/activesupport-2.2.2/lib/active_support/dependencies.rb:153:in `require'
    /usr/local/lib/ruby/gems/1.8/gems/activesupport-2.2.2/lib/active_support/dependencies.rb:521:in `new_constants_in'
    /usr/local/lib/ruby/gems/1.8/gems/activesupport-2.2.2/lib/active_support/dependencies.rb:153:in `require'
    /usr/local/lib/ruby/gems/1.8/gems/rails-2.2.2/lib/commands/server.rb:49
    /usr/local/lib/ruby/site_ruby/1.8/rubygems/custom_require.rb:31:in `gem_original_require'
    /usr/local/lib/ruby/site_ruby/1.8/rubygems/custom_require.rb:31:in `require'
    script/server:3

Rendered /usr/local/lib/ruby/gems/1.8/gems/actionpack-2.2.2/lib/action_controller/templates/rescues/_trace (115.4ms)
Rendered /usr/local/lib/ruby/gems/1.8/gems/actionpack-2.2.2/lib/action_controller/templates/rescues/_request_and_response (2.2ms)
Rendering /usr/local/lib/ruby/gems/1.8/gems/actionpack-2.2.2/lib/action_controller/templates/rescues/layout.erb (internal_server_error)


Processing ChemicalsController#index (for 127.0.0.1 at 2009-01-10 13:05:26) [GET]
  [4;36;1mSQL (0.2ms)[0m   [0;1mSET NAMES 'utf8'[0m
  [4;35;1mSQL (0.1ms)[0m   [0mSET SQL_AUTO_IS_NULL=0[0m
  [4;36;1mChemical Load (1.6ms)[0m   [0;1mSELECT * FROM `chemicals` ORDER BY name ASC LIMIT 0, 30[0m
  [4;35;1mChemical Columns (3.6ms)[0m   [0mSHOW FIELDS FROM `chemicals`[0m
  [4;36;1mSQL (0.4ms)[0m   [0;1mSELECT count(*) AS count_all FROM `chemicals` [0m
Rendering template within layouts/application
Rendering chemicals/index
  [4;35;1mChemical Load (1.6ms)[0m   [0mSELECT * FROM `chemicals` [0m
Completed in 262ms (View: 233, DB: 8) | 200 OK [http://localhost/]


Processing SearchesController#index (for 127.0.0.1 at 2009-01-10 13:05:32) [GET]
  Parameters: {"search"=>"tween"}
  [4;36;1mSQL (0.1ms)[0m   [0;1mSET NAMES 'utf8'[0m
  [4;35;1mSQL (0.2ms)[0m   [0mSET SQL_AUTO_IS_NULL=0[0m
Sphinx: tween
Sphinx Result: [100]
  [4;36;1mChemical Load (2.7ms)[0m   [0;1mSELECT * FROM `chemicals` WHERE (`chemicals`.`id` IN (100)) [0m
  [4;35;1mChemical Columns (2.0ms)[0m   [0mSHOW FIELDS FROM `chemicals`[0m
Rendering template within layouts/application
Rendering searches/index
Completed in 123ms (View: 32, DB: 5) | 200 OK [http://localhost/searches?search=tween]


Processing ChemicalsController#index (for 127.0.0.1 at 2009-01-10 13:05:42) [GET]
  [4;36;1mSQL (0.1ms)[0m   [0;1mSET NAMES 'utf8'[0m
  [4;35;1mSQL (0.1ms)[0m   [0mSET SQL_AUTO_IS_NULL=0[0m
  [4;36;1mChemical Load (1.5ms)[0m   [0;1mSELECT * FROM `chemicals` ORDER BY name ASC LIMIT 0, 30[0m
  [4;35;1mChemical Columns (2.5ms)[0m   [0mSHOW FIELDS FROM `chemicals`[0m
  [4;36;1mSQL (0.3ms)[0m   [0;1mSELECT count(*) AS count_all FROM `chemicals` [0m
Rendering template within layouts/application
Rendering chemicals/index
  [4;35;1mChemical Load (1.2ms)[0m   [0mSELECT * FROM `chemicals` [0m
Completed in 171ms (View: 148, DB: 6) | 200 OK [http://localhost/chemicals]
  [4;36;1mSQL (0.2ms)[0m   [0;1mSET NAMES 'utf8'[0m
  [4;35;1mSQL (0.1ms)[0m   [0mSET SQL_AUTO_IS_NULL=0[0m
  [4;36;1mSQL (0.4ms)[0m   [0;1mSHOW TABLES[0m
  [4;35;1mSQL (0.2ms)[0m   [0mSELECT version FROM schema_migrations[0m
Migrating to CreateChemicals (20090110173415)
Migrating to AddAttachmentsMsdsToChemical (20090110182259)
  [4;36;1mSQL (91.9ms)[0m   [0;1mALTER TABLE `chemicals` ADD `msds_file_name` varchar(255)[0m
  [4;35;1mSQL (14.8ms)[0m   [0mALTER TABLE `chemicals` ADD `msds_content_type` varchar(255)[0m
  [4;36;1mSQL (15.9ms)[0m   [0;1mALTER TABLE `chemicals` ADD `msds_file_size` int(11)[0m
  [4;35;1mSQL (14.0ms)[0m   [0mALTER TABLE `chemicals` ADD `msds_updated_at` datetime[0m
  [4;36;1mSQL (0.8ms)[0m   [0;1mINSERT INTO schema_migrations (version) VALUES ('20090110182259')[0m
  [4;35;1mSQL (0.4ms)[0m   [0mSHOW TABLES[0m
  [4;36;1mSQL (0.2ms)[0m   [0;1mSELECT version FROM schema_migrations[0m
  [4;35;1mSQL (0.3ms)[0m   [0mSHOW TABLES[0m
  [4;36;1mSQL (2.0ms)[0m   [0;1mSHOW FIELDS FROM `chemicals`[0m
  [4;35;1mSQL (1.8ms)[0m   [0mdescribe `chemicals`[0m
  [4;36;1mSQL (0.4ms)[0m   [0;1mSHOW KEYS FROM `chemicals`[0m


Processing ChemicalsController#index (for 127.0.0.1 at 2009-01-10 13:39:25) [GET]
  [4;36;1mSQL (0.2ms)[0m   [0;1mSET NAMES 'utf8'[0m
  [4;35;1mSQL (0.2ms)[0m   [0mSET SQL_AUTO_IS_NULL=0[0m
  [4;36;1mChemical Load (1.5ms)[0m   [0;1mSELECT * FROM `chemicals` ORDER BY name ASC LIMIT 0, 30[0m
  [4;35;1mChemical Columns (3.9ms)[0m   [0mSHOW FIELDS FROM `chemicals`[0m
  [4;36;1mSQL (0.5ms)[0m   [0;1mSELECT count(*) AS count_all FROM `chemicals` [0m
Rendering template within layouts/application
Rendering chemicals/index
  [4;35;1mChemical Load (1.2ms)[0m   [0mSELECT * FROM `chemicals` [0m
Completed in 266ms (View: 236, DB: 8) | 200 OK [http://localhost/chemicals]


Processing ChemicalsController#new (for 127.0.0.1 at 2009-01-10 13:39:29) [GET]
  [4;36;1mSQL (0.1ms)[0m   [0;1mSET NAMES 'utf8'[0m
  [4;35;1mSQL (0.1ms)[0m   [0mSET SQL_AUTO_IS_NULL=0[0m
  [4;36;1mChemical Columns (4.3ms)[0m   [0;1mSHOW FIELDS FROM `chemicals`[0m
Rendering template within layouts/application
Rendering chemicals/new
Rendered chemicals/_form (21.9ms)
Completed in 59ms (View: 40, DB: 5) | 200 OK [http://localhost/chemicals/new]


Processing ChemicalsController#create (for 127.0.0.1 at 2009-01-10 13:40:45) [POST]
  Parameters: {"commit"=>"Submit", "authenticity_token"=>"4fa861eff3de43ec26a2d68dd330aa815c3f7814", "chemical"=>{"smiles"=>"", "name"=>"Water", "location"=>"", "quantity"=>"1", "supplier"=>"", "notes"=>"", "catalognumber"=>"", "amount"=>"1L", "formula"=>"H2O", "storage"=>"", "inchi"=>"", "cas"=>"", "msds"=>#<ActionController::UploadedStringIO:0x20fbb10>}}
  [4;35;1mSQL (0.1ms)[0m   [0mSET NAMES 'utf8'[0m
  [4;36;1mSQL (0.1ms)[0m   [0;1mSET SQL_AUTO_IS_NULL=0[0m
  [4;35;1mChemical Columns (3.4ms)[0m   [0mSHOW FIELDS FROM `chemicals`[0m
[paperclip] Paperclip attachment msds on Chemical initialized.
[paperclip] Assigning #<ActionController::UploadedStringIO:0x20fbb10> to msds
[paperclip] Writing attributes for msds
[paperclip] Post-processing msds
  [4;36;1mSQL (0.2ms)[0m   [0;1mBEGIN[0m
  [4;35;1mChemical Create (0.3ms)[0m   [0mINSERT INTO `chemicals` (`name`, `smiles`, `location`, `created_at`, `msds_content_type`, `msds_updated_at`, `quantity`, `notes`, `supplier`, `updated_at`, `amount`, `catalognumber`, `msds_file_name`, `msds_file_size`, `formula`, `storage`, `inchi`, `cas`) VALUES('Water', '', '', '2009-01-10 18:40:45', 'text/plain', '2009-01-10 18:40:45', 1, '', '', '2009-01-10 18:40:45', '1L', '', 'water_msds.txt', 30, 'H2O', '', '', '')[0m
[paperclip] Saving attachments.
[paperclip] Saving files for msds
[paperclip] Deleting files for msds
[paperclip] Writing files for msds
[paperclip] -> /Users/chasesouthard/RailsProjects/chemicals/public/system/msds/148/original/water_msds.txt
  [4;36;1mSQL (0.7ms)[0m   [0;1mCOMMIT[0m
Redirected to #<Chemical:0x20d32b4>
Completed in 373ms (DB: 5) | 302 Found [http://localhost/chemicals]


Processing ChemicalsController#show (for 127.0.0.1 at 2009-01-10 13:40:45) [GET]
  Parameters: {"id"=>"148"}
  [4;35;1mSQL (0.1ms)[0m   [0mSET NAMES 'utf8'[0m
  [4;36;1mSQL (0.1ms)[0m   [0;1mSET SQL_AUTO_IS_NULL=0[0m
  [4;35;1mChemical Columns (3.6ms)[0m   [0mSHOW FIELDS FROM `chemicals`[0m
  [4;36;1mChemical Load (0.4ms)[0m   [0;1mSELECT * FROM `chemicals` WHERE (`chemicals`.`id` = 148) [0m
Rendering template within layouts/application
Rendering chemicals/show
Completed in 44ms (View: 25, DB: 4) | 200 OK [http://localhost/chemicals/148]


Processing ChemicalsController#index (for 127.0.0.1 at 2009-01-10 13:40:48) [GET]
  [4;35;1mSQL (0.1ms)[0m   [0mSET NAMES 'utf8'[0m
  [4;36;1mSQL (0.1ms)[0m   [0;1mSET SQL_AUTO_IS_NULL=0[0m
  [4;35;1mChemical Load (1.5ms)[0m   [0mSELECT * FROM `chemicals` ORDER BY name ASC LIMIT 0, 30[0m
  [4;36;1mChemical Columns (3.3ms)[0m   [0;1mSHOW FIELDS FROM `chemicals`[0m
  [4;35;1mSQL (0.4ms)[0m   [0mSELECT count(*) AS count_all FROM `chemicals` [0m
Rendering template within layouts/application
Rendering chemicals/index
  [4;36;1mChemical Load (1.4ms)[0m   [0;1mSELECT * FROM `chemicals` [0m
Completed in 182ms (View: 153, DB: 7) | 200 OK [http://localhost/chemicals]


Processing SearchesController#index (for 127.0.0.1 at 2009-01-10 13:40:59) [GET]
  Parameters: {"search"=>"water"}
  [4;35;1mSQL (0.1ms)[0m   [0mSET NAMES 'utf8'[0m
  [4;36;1mSQL (0.1ms)[0m   [0;1mSET SQL_AUTO_IS_NULL=0[0m
Sphinx: water
Sphinx Result: [109, 143]
  [4;35;1mChemical Load (0.4ms)[0m   [0mSELECT * FROM `chemicals` WHERE (`chemicals`.`id` IN (109,143)) [0m
  [4;36;1mChemical Columns (3.2ms)[0m   [0;1mSHOW FIELDS FROM `chemicals`[0m
Rendering template within layouts/application
Rendering searches/index
Completed in 63ms (View: 38, DB: 4) | 200 OK [http://localhost/searches?search=water]
  [4;36;1mSQL (0.2ms)[0m   [0;1mSET NAMES 'utf8'[0m
  [4;35;1mSQL (0.1ms)[0m   [0mSET SQL_AUTO_IS_NULL=0[0m
  [4;36;1mSQL (0.5ms)[0m   [0;1mSHOW TABLES[0m
  [4;35;1mChemical Columns (3.6ms)[0m   [0mSHOW FIELDS FROM `chemicals`[0m
  [4;36;1mSQL (0.2ms)[0m   [0;1mSELECT @@global.sql_mode, @@session.sql_mode;[0m
  [4;35;1mSQL (0.1ms)[0m   [0mSELECT @@global.sql_mode, @@session.sql_mode;[0m
  [4;36;1mSQL (0.1ms)[0m   [0;1mSELECT @@global.sql_mode, @@session.sql_mode;[0m
  [4;35;1mSQL (0.1ms)[0m   [0mSELECT @@global.sql_mode, @@session.sql_mode;[0m
  [4;36;1mSQL (0.1ms)[0m   [0;1mSELECT @@global.sql_mode, @@session.sql_mode;[0m
  [4;35;1mSQL (0.1ms)[0m   [0mSELECT @@global.sql_mode, @@session.sql_mode;[0m
  [4;36;1mSQL (0.1ms)[0m   [0;1mSELECT @@global.sql_mode, @@session.sql_mode;[0m
  [4;35;1mSQL (0.1ms)[0m   [0mSELECT @@global.sql_mode, @@session.sql_mode;[0m
  [4;36;1mSQL (0.1ms)[0m   [0;1mSELECT @@global.sql_mode, @@session.sql_mode;[0m
  [4;35;1mSQL (0.1ms)[0m   [0mSELECT @@global.sql_mode, @@session.sql_mode;[0m


Processing SearchesController#index (for 127.0.0.1 at 2009-01-10 13:41:51) [GET]
  Parameters: {"search"=>"water"}
  [4;36;1mSQL (0.2ms)[0m   [0;1mSET NAMES 'utf8'[0m
  [4;35;1mSQL (0.1ms)[0m   [0mSET SQL_AUTO_IS_NULL=0[0m
Sphinx: water
Sphinx Result: [109, 143, 148]
  [4;36;1mChemical Load (0.6ms)[0m   [0;1mSELECT * FROM `chemicals` WHERE (`chemicals`.`id` IN (109,143,148)) [0m
  [4;35;1mChemical Columns (3.6ms)[0m   [0mSHOW FIELDS FROM `chemicals`[0m
Rendering template within layouts/application
Rendering searches/index
Completed in 159ms (View: 133, DB: 5) | 200 OK [http://localhost/searches?search=water]


Processing ChemicalsController#show (for 127.0.0.1 at 2009-01-10 13:41:57) [GET]
  Parameters: {"id"=>"148"}
  [4;36;1mSQL (0.1ms)[0m   [0;1mSET NAMES 'utf8'[0m
  [4;35;1mSQL (0.1ms)[0m   [0mSET SQL_AUTO_IS_NULL=0[0m
  [4;36;1mChemical Columns (3.3ms)[0m   [0;1mSHOW FIELDS FROM `chemicals`[0m
  [4;35;1mChemical Load (0.4ms)[0m   [0mSELECT * FROM `chemicals` WHERE (`chemicals`.`id` = 148) [0m
Rendering template within layouts/application
Rendering chemicals/show
Completed in 41ms (View: 22, DB: 4) | 200 OK [http://localhost/chemicals/148]


Processing ChemicalsController#index (for 127.0.0.1 at 2009-01-10 13:42:00) [GET]
  [4;36;1mSQL (0.1ms)[0m   [0;1mSET NAMES 'utf8'[0m
  [4;35;1mSQL (0.1ms)[0m   [0mSET SQL_AUTO_IS_NULL=0[0m
  [4;36;1mChemical Load (1.5ms)[0m   [0;1mSELECT * FROM `chemicals` ORDER BY name ASC LIMIT 0, 30[0m
  [4;35;1mChemical Columns (3.3ms)[0m   [0mSHOW FIELDS FROM `chemicals`[0m
  [4;36;1mSQL (0.4ms)[0m   [0;1mSELECT count(*) AS count_all FROM `chemicals` [0m
Rendering template within layouts/application
Rendering chemicals/index
  [4;35;1mChemical Load (1.3ms)[0m   [0mSELECT * FROM `chemicals` [0m
Completed in 179ms (View: 151, DB: 7) | 200 OK [http://localhost/chemicals]
